[17:16:49] [main/INFO]: Environment: authHost='https://authserver.mojang.com', accountsHost='https://api.mojang.com', sessionHost='https://sessionserver.mojang.com', servicesHost='https://api.minecraftservices.com', name='PROD'
[17:16:50] [main/INFO]: Reloading ResourceManager: Default, bukkit
[17:16:51] [Worker-Main-2/INFO]: Loaded 7 recipes
[17:16:55] [Server thread/INFO]: Starting minecraft server version 1.16.5
[17:16:55] [Server thread/INFO]: Loading properties
[17:16:55] [Server thread/INFO]: This server is running CraftBukkit version 3096a-Spigot-9fb885e-af1a232 (MC: 1.16.5) (Implementing API version 1.16.5-R0.1-SNAPSHOT)
[17:16:55] [Server thread/INFO]: Debug logging is disabled
[17:16:55] [Server thread/INFO]: Server Ping Player Sample Count: 12
[17:16:55] [Server thread/INFO]: Using 4 threads for Netty based IO
[17:16:55] [Server thread/INFO]: Default game type: SURVIVAL
[17:16:55] [Server thread/INFO]: Generating keypair
[17:16:56] [Server thread/INFO]: Starting Minecraft server on *:25565
[17:16:56] [Server thread/INFO]: Using epoll channel type
[17:16:57] [Server thread/INFO]: Preparing level "world"
[17:16:57] [Server thread/INFO]: -------- World Settings For [world] --------
[17:16:57] [Server thread/INFO]: Experience Merge Radius: 3.0
[17:16:57] [Server thread/INFO]: Mob Spawn Range: 6
[17:16:57] [Server thread/INFO]: Cactus Growth Modifier: 100%
[17:16:57] [Server thread/INFO]: Cane Growth Modifier: 100%
[17:16:57] [Server thread/INFO]: Melon Growth Modifier: 100%
[17:16:57] [Server thread/INFO]: Mushroom Growth Modifier: 100%
[17:16:57] [Server thread/INFO]: Pumpkin Growth Modifier: 100%
[17:16:57] [Server thread/INFO]: Sapling Growth Modifier: 100%
[17:16:57] [Server thread/INFO]: Beetroot Growth Modifier: 100%
[17:16:57] [Server thread/INFO]: Carrot Growth Modifier: 100%
[17:16:57] [Server thread/INFO]: Potato Growth Modifier: 100%
[17:16:57] [Server thread/INFO]: Wheat Growth Modifier: 100%
[17:16:57] [Server thread/INFO]: NetherWart Growth Modifier: 100%
[17:16:57] [Server thread/INFO]: Vine Growth Modifier: 100%
[17:16:57] [Server thread/INFO]: Cocoa Growth Modifier: 100%
[17:16:57] [Server thread/INFO]: Bamboo Growth Modifier: 100%
[17:16:57] [Server thread/INFO]: SweetBerry Growth Modifier: 100%
[17:16:57] [Server thread/INFO]: Kelp Growth Modifier: 100%
[17:16:57] [Server thread/INFO]: Entity Activation Range: An 32 / Mo 32 / Ra 48 / Mi 16 / Tiv true
[17:16:57] [Server thread/INFO]: Hopper Transfer: 8 Hopper Check: 1 Hopper Amount: 1
[17:16:57] [Server thread/INFO]: Custom Map Seeds:  Village: 10387312 Desert: 14357617 Igloo: 14357618 Jungle: 14357619 Swamp: 14357620 Monument: 10387313 Ocean: 14357621 Shipwreck: 165745295 End City: 10387313 Slime: 987234911 Bastion: 30084232 Fortress: 30084232 Mansion: 10387319 Fossil: 14357921 Portal: 34222645
[17:16:57] [Server thread/INFO]: Max TNT Explosions: 100
[17:16:57] [Server thread/INFO]: Tile Max Tick Time: 50ms Entity max Tick Time: 50ms
[17:16:57] [Server thread/INFO]: Entity Tracking Range: Pl 48 / An 48 / Mo 48 / Mi 32 / Other 64
[17:16:57] [Server thread/INFO]: Allow Zombie Pigmen to spawn from portal blocks: true
[17:16:57] [Server thread/INFO]: Item Despawn Rate: 6000
[17:16:57] [Server thread/INFO]: Item Merge Radius: 2.5
[17:16:57] [Server thread/INFO]: View Distance: 10
[17:16:57] [Server thread/INFO]: Arrow Despawn Rate: 1200 Trident Respawn Rate:1200
[17:16:57] [Server thread/INFO]: Zombie Aggressive Towards Villager: true
[17:16:57] [Server thread/INFO]: Nerfing mobs spawned from spawners: false
[17:16:57] [Server thread/INFO]: -------- World Settings For [world_nether] --------
[17:16:57] [Server thread/INFO]: Experience Merge Radius: 3.0
[17:16:57] [Server thread/INFO]: Mob Spawn Range: 6
[17:16:57] [Server thread/INFO]: Cactus Growth Modifier: 100%
[17:16:57] [Server thread/INFO]: Cane Growth Modifier: 100%
[17:16:57] [Server thread/INFO]: Melon Growth Modifier: 100%
[17:16:57] [Server thread/INFO]: Mushroom Growth Modifier: 100%
[17:16:57] [Server thread/INFO]: Pumpkin Growth Modifier: 100%
[17:16:57] [Server thread/INFO]: Sapling Growth Modifier: 100%
[17:16:57] [Server thread/INFO]: Beetroot Growth Modifier: 100%
[17:16:57] [Server thread/INFO]: Carrot Growth Modifier: 100%
[17:16:57] [Server thread/INFO]: Potato Growth Modifier: 100%
[17:16:57] [Server thread/INFO]: Wheat Growth Modifier: 100%
[17:16:57] [Server thread/INFO]: NetherWart Growth Modifier: 100%
[17:16:57] [Server thread/INFO]: Vine Growth Modifier: 100%
[17:16:57] [Server thread/INFO]: Cocoa Growth Modifier: 100%
[17:16:57] [Server thread/INFO]: Bamboo Growth Modifier: 100%
[17:16:57] [Server thread/INFO]: SweetBerry Growth Modifier: 100%
[17:16:57] [Server thread/INFO]: Kelp Growth Modifier: 100%
[17:16:57] [Server thread/INFO]: Entity Activation Range: An 32 / Mo 32 / Ra 48 / Mi 16 / Tiv true
[17:16:57] [Server thread/INFO]: Hopper Transfer: 8 Hopper Check: 1 Hopper Amount: 1
[17:16:57] [Server thread/INFO]: Custom Map Seeds:  Village: 10387312 Desert: 14357617 Igloo: 14357618 Jungle: 14357619 Swamp: 14357620 Monument: 10387313 Ocean: 14357621 Shipwreck: 165745295 End City: 10387313 Slime: 987234911 Bastion: 30084232 Fortress: 30084232 Mansion: 10387319 Fossil: 14357921 Portal: 34222645
[17:16:57] [Server thread/INFO]: Max TNT Explosions: 100
[17:16:57] [Server thread/INFO]: Tile Max Tick Time: 50ms Entity max Tick Time: 50ms
[17:16:57] [Server thread/INFO]: Entity Tracking Range: Pl 48 / An 48 / Mo 48 / Mi 32 / Other 64
[17:16:57] [Server thread/INFO]: Allow Zombie Pigmen to spawn from portal blocks: true
[17:16:57] [Server thread/INFO]: Item Despawn Rate: 6000
[17:16:57] [Server thread/INFO]: Item Merge Radius: 2.5
[17:16:57] [Server thread/INFO]: View Distance: 10
[17:16:57] [Server thread/INFO]: Arrow Despawn Rate: 1200 Trident Respawn Rate:1200
[17:16:57] [Server thread/INFO]: Zombie Aggressive Towards Villager: true
[17:16:57] [Server thread/INFO]: Nerfing mobs spawned from spawners: false
[17:16:57] [Server thread/INFO]: -------- World Settings For [world_the_end] --------
[17:16:57] [Server thread/INFO]: Experience Merge Radius: 3.0
[17:16:57] [Server thread/INFO]: Mob Spawn Range: 6
[17:16:57] [Server thread/INFO]: Cactus Growth Modifier: 100%
[17:16:57] [Server thread/INFO]: Cane Growth Modifier: 100%
[17:16:57] [Server thread/INFO]: Melon Growth Modifier: 100%
[17:16:57] [Server thread/INFO]: Mushroom Growth Modifier: 100%
[17:16:57] [Server thread/INFO]: Pumpkin Growth Modifier: 100%
[17:16:57] [Server thread/INFO]: Sapling Growth Modifier: 100%
[17:16:57] [Server thread/INFO]: Beetroot Growth Modifier: 100%
[17:16:57] [Server thread/INFO]: Carrot Growth Modifier: 100%
[17:16:57] [Server thread/INFO]: Potato Growth Modifier: 100%
[17:16:57] [Server thread/INFO]: Wheat Growth Modifier: 100%
[17:16:57] [Server thread/INFO]: NetherWart Growth Modifier: 100%
[17:16:57] [Server thread/INFO]: Vine Growth Modifier: 100%
[17:16:57] [Server thread/INFO]: Cocoa Growth Modifier: 100%
[17:16:57] [Server thread/INFO]: Bamboo Growth Modifier: 100%
[17:16:57] [Server thread/INFO]: SweetBerry Growth Modifier: 100%
[17:16:57] [Server thread/INFO]: Kelp Growth Modifier: 100%
[17:16:57] [Server thread/INFO]: Entity Activation Range: An 32 / Mo 32 / Ra 48 / Mi 16 / Tiv true
[17:16:57] [Server thread/INFO]: Hopper Transfer: 8 Hopper Check: 1 Hopper Amount: 1
[17:16:57] [Server thread/INFO]: Custom Map Seeds:  Village: 10387312 Desert: 14357617 Igloo: 14357618 Jungle: 14357619 Swamp: 14357620 Monument: 10387313 Ocean: 14357621 Shipwreck: 165745295 End City: 10387313 Slime: 987234911 Bastion: 30084232 Fortress: 30084232 Mansion: 10387319 Fossil: 14357921 Portal: 34222645
[17:16:57] [Server thread/INFO]: Max TNT Explosions: 100
[17:16:57] [Server thread/INFO]: Tile Max Tick Time: 50ms Entity max Tick Time: 50ms
[17:16:57] [Server thread/INFO]: Entity Tracking Range: Pl 48 / An 48 / Mo 48 / Mi 32 / Other 64
[17:16:57] [Server thread/INFO]: Allow Zombie Pigmen to spawn from portal blocks: true
[17:16:57] [Server thread/INFO]: Item Despawn Rate: 6000
[17:16:57] [Server thread/INFO]: Item Merge Radius: 2.5
[17:16:57] [Server thread/INFO]: View Distance: 10
[17:16:57] [Server thread/INFO]: Arrow Despawn Rate: 1200 Trident Respawn Rate:1200
[17:16:57] [Server thread/INFO]: Zombie Aggressive Towards Villager: true
[17:16:57] [Server thread/INFO]: Nerfing mobs spawned from spawners: false
[17:16:57] [Server thread/INFO]: Preparing start region for dimension minecraft:overworld
[17:17:00] [Server thread/INFO]: Preparing spawn area: 0%
[17:17:00] [Server thread/INFO]: Preparing spawn area: 0%
[17:17:00] [Server thread/INFO]: Preparing spawn area: 0%
[17:17:00] [Server thread/INFO]: Preparing spawn area: 0%
[17:17:00] [Server thread/INFO]: Preparing spawn area: 0%
[17:17:00] [Server thread/INFO]: Preparing spawn area: 0%
[17:17:00] [Worker-Main-2/INFO]: Preparing spawn area: 0%
[17:17:01] [Server thread/INFO]: Preparing spawn area: 27%
[17:17:02] [Server thread/INFO]: Time elapsed: 4811 ms
[17:17:02] [Server thread/INFO]: Preparing start region for dimension minecraft:the_nether
[17:17:03] [Server thread/INFO]: Preparing spawn area: 0%
[17:17:03] [Server thread/INFO]: Preparing spawn area: 0%
[17:17:03] [Server thread/INFO]: Preparing spawn area: 0%
[17:17:03] [Server thread/INFO]: Preparing spawn area: 11%
[17:17:04] [Worker-Main-2/INFO]: Preparing spawn area: 83%
[17:17:04] [Worker-Main-2/INFO]: Preparing spawn area: 83%
[17:17:05] [Worker-Main-2/INFO]: Preparing spawn area: 83%
[17:17:05] [Worker-Main-2/INFO]: Preparing spawn area: 83%
[17:17:06] [Worker-Main-2/INFO]: Preparing spawn area: 83%
[17:17:06] [Worker-Main-2/INFO]: Preparing spawn area: 83%
[17:17:07] [Worker-Main-2/INFO]: Preparing spawn area: 83%
[17:17:08] [Worker-Main-2/INFO]: Preparing spawn area: 83%
[17:17:08] [Worker-Main-2/INFO]: Preparing spawn area: 83%
[17:17:08] [Worker-Main-2/INFO]: Preparing spawn area: 83%
[17:17:09] [Worker-Main-2/INFO]: Preparing spawn area: 83%
[17:17:09] [Worker-Main-2/INFO]: Preparing spawn area: 83%
[17:17:10] [Worker-Main-2/INFO]: Preparing spawn area: 83%
[17:17:10] [Worker-Main-2/INFO]: Preparing spawn area: 85%
[17:17:11] [Worker-Main-2/INFO]: Preparing spawn area: 85%
[17:17:11] [Worker-Main-2/INFO]: Preparing spawn area: 89%
[17:17:12] [Worker-Main-2/INFO]: Preparing spawn area: 92%
[17:17:12] [Worker-Main-2/INFO]: Preparing spawn area: 93%
[17:17:13] [Worker-Main-2/INFO]: Preparing spawn area: 93%
[17:17:13] [Worker-Main-2/INFO]: Preparing spawn area: 96%
[17:17:14] [Server thread/INFO]: Time elapsed: 11902 ms
[17:17:14] [Server thread/INFO]: Preparing start region for dimension minecraft:the_end
[17:17:14] [Server thread/INFO]: Preparing spawn area: 0%
[17:17:14] [Server thread/INFO]: Preparing spawn area: 0%
[17:17:15] [Worker-Main-2/INFO]: Preparing spawn area: 83%
[17:17:15] [Worker-Main-2/INFO]: Preparing spawn area: 83%
[17:17:16] [Worker-Main-2/INFO]: Preparing spawn area: 89%
[17:17:16] [Worker-Main-2/INFO]: Preparing spawn area: 89%
[17:17:16] [Server thread/INFO]: Time elapsed: 2542 ms
[17:17:16] [Server thread/INFO]: Server permissions file permissions.yml is empty, ignoring it
[17:17:16] [Server thread/INFO]: Done (20.349s)! For help, type "help"
[17:58:04] [User Authenticator #1/INFO]: UUID of player bonifer is 88b4fb8b-1f82-4102-8c00-d16c7e53eba5
[17:58:04] [Server thread/INFO]: bonifer[/37.24.133.67:53690] logged in with entity id 290 at ([world]-159.9967896756621, 75.0, 122.41814411292134)
[17:59:28] [Server thread/INFO]: bonifer lost connection: Disconnected
[17:59:28] [Server thread/INFO]: bonifer left the game
[18:05:05] [User Authenticator #2/INFO]: UUID of player bonifer is 88b4fb8b-1f82-4102-8c00-d16c7e53eba5
[18:05:05] [Server thread/INFO]: bonifer[/37.24.133.67:53930] logged in with entity id 460 at ([world]-164.48893194679087, 69.0, 112.31781139665134)
[18:05:22] [Server thread/INFO]: bonifer lost connection: Disconnected
[18:05:22] [Server thread/INFO]: bonifer left the game
[19:46:09] [Server thread/INFO]: com.mojang.authlib.GameProfile@763c1ce9[id=<null>,name=70FYVVPaitOZf,properties={},legacy=false] (/95.111.250.149:37478) lost connection: Timed out
[20:18:37] [Server thread/INFO]: Stopping the server
[20:18:37] [Server thread/INFO]: Stopping server
[20:18:37] [Server thread/INFO]: Saving players
[20:18:37] [Server thread/INFO]: Saving worlds
[20:18:37] [Server thread/INFO]: Saving chunks for level 'ServerLevel[world]'/minecraft:overworld
[20:18:38] [Server thread/INFO]: ThreadedAnvilChunkStorage (world): All chunks are saved
[20:18:38] [Server thread/INFO]: Saving chunks for level 'ServerLevel[world_nether]'/minecraft:the_nether
[20:18:38] [Server thread/INFO]: ThreadedAnvilChunkStorage (DIM-1): All chunks are saved
[20:18:38] [Server thread/INFO]: Saving chunks for level 'ServerLevel[world_the_end]'/minecraft:the_end
[20:18:38] [Server thread/INFO]: ThreadedAnvilChunkStorage (DIM1): All chunks are saved
[20:18:38] [Server thread/INFO]: ThreadedAnvilChunkStorage (world): All chunks are saved
[20:18:38] [Server thread/INFO]: ThreadedAnvilChunkStorage (DIM-1): All chunks are saved
[20:18:38] [Server thread/INFO]: ThreadedAnvilChunkStorage (DIM1): All chunks are saved
